<?xml version="1.0" encoding="UTF-8"?>
<!-- Generated by org.testng.reporters.JUnitReportReporter -->
<testsuite hostname="IN-LAP-CHIRAGB" failures="0" tests="1" name="com.demoqa.test.elements.LinkTest" time="170.849" errors="0" timestamp="2025-02-23T16:37:01 IST" skipped="0">
  <testcase classname="com.demoqa.test.elements.LinkTest" name="TC009" time="170.849"/>
</testsuite> <!-- com.demoqa.test.elements.LinkTest -->
