<?xml version="1.0" encoding="UTF-8"?>
<!-- Generated by org.testng.reporters.JUnitReportReporter -->
<testsuite hostname="IN-LAP-CHIRAGB" failures="0" tests="2" name="com.demoqa.test.elements.UploadAndDownloadTest" time="45.392" errors="0" timestamp="2025-02-23T16:37:01 IST" skipped="0">
  <testcase classname="com.demoqa.test.elements.UploadAndDownloadTest" name="TC013" time="41.498"/>
  <testcase classname="com.demoqa.test.elements.UploadAndDownloadTest" name="TC012" time="3.894"/>
</testsuite> <!-- com.demoqa.test.elements.UploadAndDownloadTest -->
