<?xml version="1.0" encoding="UTF-8"?>
<!-- Generated by org.testng.reporters.JUnitReportReporter -->
<testsuite hostname="IN-LAP-CHIRAGB" failures="0" tests="1" name="com.demoqa.test.elements.RadioButtonTest" time="41.025" errors="0" timestamp="2025-02-23T16:37:01 IST" skipped="0">
  <testcase classname="com.demoqa.test.elements.RadioButtonTest" name="TC004" time="41.025"/>
</testsuite> <!-- com.demoqa.test.elements.RadioButtonTest -->
