<?xml version="1.0" encoding="UTF-8"?>
<!-- Generated by org.testng.reporters.JUnitReportReporter -->
<testsuite hostname="IN-LAP-CHIRAGB" failures="0" tests="2" name="com.demoqa.test.elements.BrokenLinkImageTest" time="93.802" errors="0" timestamp="2025-02-23T16:37:01 IST" skipped="0">
  <testcase classname="com.demoqa.test.elements.BrokenLinkImageTest" name="TC011" time="17.536"/>
  <testcase classname="com.demoqa.test.elements.BrokenLinkImageTest" name="TC010" time="76.266"/>
</testsuite> <!-- com.demoqa.test.elements.BrokenLinkImageTest -->
