<?xml version="1.0" encoding="UTF-8"?>
<!-- Generated by org.testng.reporters.JUnitReportReporter -->
<testsuite hostname="IN-LAP-CHIRAGB" failures="0" tests="3" name="com.demoqa.test.elements.WebTablesTest" time="59.406" errors="0" timestamp="2025-02-23T16:37:01 IST" skipped="0">
  <testcase classname="com.demoqa.test.elements.WebTablesTest" name="TC006" time="2.745"/>
  <testcase classname="com.demoqa.test.elements.WebTablesTest" name="TC005" time="53.750"/>
  <testcase classname="com.demoqa.test.elements.WebTablesTest" name="TC007" time="2.911"/>
</testsuite> <!-- com.demoqa.test.elements.WebTablesTest -->
